<?xml version="1.0" encoding="UTF-8"?>
<testng-results ignored="0" total="2" passed="2" failed="0" skipped="0">
  <reporter-output>
  </reporter-output>
  <suite started-at="2022-04-05T21:52:00 IST" name="Suite" finished-at="2022-04-05T21:53:00 IST" duration-ms="60865">
    <groups>
    </groups>
    <test started-at="2022-04-05T21:52:00 IST" name="Test_chrome" finished-at="2022-04-05T21:52:22 IST" duration-ms="22110">
      <class name="com.Test.Test_001">
        <test-method is-config="true" signature="OpenBrowser(java.lang.String)[pri:0, instance:com.Test.Test_001@6d167f58]" started-at="2022-04-05T21:52:00 IST" name="OpenBrowser" finished-at="2022-04-05T21:52:16 IST" duration-ms="15891" status="PASS">
          <params>
            <param index="0">
              <value>
                <![CDATA[chrome]]>
              </value>
            </param>
          </params>
          <reporter-output>
          </reporter-output>
        </test-method> <!-- OpenBrowser -->
        <test-method signature="verify_001()[pri:0, instance:com.Test.Test_001@6d167f58]" started-at="2022-04-05T21:52:16 IST" name="verify_001" finished-at="2022-04-05T21:52:16 IST" duration-ms="440" status="PASS">
          <reporter-output>
          </reporter-output>
        </test-method> <!-- verify_001 -->
        <test-method is-config="true" signature="tearDown()[pri:0, instance:com.Test.Test_001@6d167f58]" started-at="2022-04-05T21:52:21 IST" name="tearDown" finished-at="2022-04-05T21:52:22 IST" duration-ms="446" status="PASS">
          <reporter-output>
          </reporter-output>
        </test-method> <!-- tearDown -->
      </class> <!-- com.Test.Test_001 -->
    </test> <!-- Test_chrome -->
    <test started-at="2022-04-05T21:52:23 IST" name="Test_edge" finished-at="2022-04-05T21:53:00 IST" duration-ms="37863">
      <class name="com.Test.Test_001">
        <test-method is-config="true" signature="Bs()[pri:0, instance:com.Test.Test_001@74589991]" started-at="2022-04-05T21:51:58 IST" name="Bs" finished-at="2022-04-05T21:52:00 IST" duration-ms="1619" status="PASS">
          <reporter-output>
          </reporter-output>
        </test-method> <!-- Bs -->
        <test-method is-config="true" signature="OpenBrowser(java.lang.String)[pri:0, instance:com.Test.Test_001@74589991]" started-at="2022-04-05T21:52:23 IST" name="OpenBrowser" finished-at="2022-04-05T21:52:54 IST" duration-ms="31194" status="PASS">
          <params>
            <param index="0">
              <value>
                <![CDATA[edge]]>
              </value>
            </param>
          </params>
          <reporter-output>
          </reporter-output>
        </test-method> <!-- OpenBrowser -->
        <test-method signature="verify_001()[pri:0, instance:com.Test.Test_001@74589991]" started-at="2022-04-05T21:52:54 IST" name="verify_001" finished-at="2022-04-05T21:52:54 IST" duration-ms="346" status="PASS">
          <reporter-output>
          </reporter-output>
        </test-method> <!-- verify_001 -->
        <test-method is-config="true" signature="tearDown()[pri:0, instance:com.Test.Test_001@74589991]" started-at="2022-04-05T21:53:00 IST" name="tearDown" finished-at="2022-04-05T21:53:00 IST" duration-ms="764" status="PASS">
          <reporter-output>
          </reporter-output>
        </test-method> <!-- tearDown -->
      </class> <!-- com.Test.Test_001 -->
    </test> <!-- Test_edge -->
  </suite> <!-- Suite -->
</testng-results>
